<?xml version="1.0" encoding="UTF-8"?>
<!-- Generated by org.testng.reporters.JUnitReportReporter -->
<testsuite skipped="0" hostname="GGKU2SYS81" name="SeleniumIntegration.NewTest" tests="1" failures="0" timestamp="25 Oct 2019 12:39:17 GMT" time="0.012" errors="0">
  <testcase name="verifyHomepageTitle" time="0.012" classname="SeleniumIntegration.NewTest"/>
</testsuite> <!-- SeleniumIntegration.NewTest -->
