<?xml version="1.0" encoding="UTF-8"?>
<!-- Generated by org.testng.reporters.JUnitReportReporter -->
<testsuite skipped="0" hostname="GGKU2SYS81" name="SeleniumIntegration.NewTest" tests="1" failures="0" timestamp="28 Oct 2019 06:49:55 GMT" time="0.008" errors="0">
  <testcase name="verifyHomepageTitle" time="0.008" classname="SeleniumIntegration.NewTest"/>
</testsuite> <!-- SeleniumIntegration.NewTest -->
